Linked: (/home/ws/devel_release/.private/rovio/share/rovio/cmake/rovio-msg-paths.cmake, /home/ws/devel_release/share/rovio/cmake/rovio-msg-paths.cmake)
Linked: (/home/ws/devel_release/.private/rovio/share/rovio/cmake/rovio-msg-extras.cmake, /home/ws/devel_release/share/rovio/cmake/rovio-msg-extras.cmake)
Linked: (/home/ws/devel_release/.private/rovio/share/rovio/cmake/rovioConfig-version.cmake, /home/ws/devel_release/share/rovio/cmake/rovioConfig-version.cmake)
Linked: (/home/ws/devel_release/.private/rovio/share/rovio/cmake/rovioConfig.cmake, /home/ws/devel_release/share/rovio/cmake/rovioConfig.cmake)
Linked: (/home/ws/devel_release/.private/rovio/share/gennodejs/ros/rovio/_index.js, /home/ws/devel_release/share/gennodejs/ros/rovio/_index.js)
Linked: (/home/ws/devel_release/.private/rovio/share/gennodejs/ros/rovio/srv/_index.js, /home/ws/devel_release/share/gennodejs/ros/rovio/srv/_index.js)
Linked: (/home/ws/devel_release/.private/rovio/share/gennodejs/ros/rovio/srv/SrvResetToPose.js, /home/ws/devel_release/share/gennodejs/ros/rovio/srv/SrvResetToPose.js)
Linked: (/home/ws/devel_release/.private/rovio/share/roseus/ros/rovio/manifest.l, /home/ws/devel_release/share/roseus/ros/rovio/manifest.l)
Linked: (/home/ws/devel_release/.private/rovio/share/roseus/ros/rovio/srv/SrvResetToPose.l, /home/ws/devel_release/share/roseus/ros/rovio/srv/SrvResetToPose.l)
Linked: (/home/ws/devel_release/.private/rovio/share/lightweight_filtering/cmake/lightweight_filteringConfig.cmake, /home/ws/devel_release/share/lightweight_filtering/cmake/lightweight_filteringConfig.cmake)
Linked: (/home/ws/devel_release/.private/rovio/share/lightweight_filtering/cmake/lightweight_filteringConfig-version.cmake, /home/ws/devel_release/share/lightweight_filtering/cmake/lightweight_filteringConfig-version.cmake)
Linked: (/home/ws/devel_release/.private/rovio/share/common-lisp/ros/rovio/srv/SrvResetToPose.lisp, /home/ws/devel_release/share/common-lisp/ros/rovio/srv/SrvResetToPose.lisp)
Linked: (/home/ws/devel_release/.private/rovio/share/common-lisp/ros/rovio/srv/_package.lisp, /home/ws/devel_release/share/common-lisp/ros/rovio/srv/_package.lisp)
Linked: (/home/ws/devel_release/.private/rovio/share/common-lisp/ros/rovio/srv/rovio-srv.asd, /home/ws/devel_release/share/common-lisp/ros/rovio/srv/rovio-srv.asd)
Linked: (/home/ws/devel_release/.private/rovio/share/common-lisp/ros/rovio/srv/_package_SrvResetToPose.lisp, /home/ws/devel_release/share/common-lisp/ros/rovio/srv/_package_SrvResetToPose.lisp)
Linked: (/home/ws/devel_release/.private/rovio/lib/librovio.so, /home/ws/devel_release/lib/librovio.so)
Linked: (/home/ws/devel_release/.private/rovio/lib/rovio/rovio_node, /home/ws/devel_release/lib/rovio/rovio_node)
Linked: (/home/ws/devel_release/.private/rovio/lib/rovio/rovio_rosbag_loader, /home/ws/devel_release/lib/rovio/rovio_rosbag_loader)
Linked: (/home/ws/devel_release/.private/rovio/lib/rovio/feature_tracker_node, /home/ws/devel_release/lib/rovio/feature_tracker_node)
Linked: (/home/ws/devel_release/.private/rovio/lib/python3/dist-packages/rovio/__init__.py, /home/ws/devel_release/lib/python3/dist-packages/rovio/__init__.py)
Linked: (/home/ws/devel_release/.private/rovio/lib/python3/dist-packages/rovio/srv/__init__.py, /home/ws/devel_release/lib/python3/dist-packages/rovio/srv/__init__.py)
Linked: (/home/ws/devel_release/.private/rovio/lib/python3/dist-packages/rovio/srv/_SrvResetToPose.py, /home/ws/devel_release/lib/python3/dist-packages/rovio/srv/_SrvResetToPose.py)
Linked: (/home/ws/devel_release/.private/rovio/lib/pkgconfig/lightweight_filtering.pc, /home/ws/devel_release/lib/pkgconfig/lightweight_filtering.pc)
Linked: (/home/ws/devel_release/.private/rovio/lib/pkgconfig/rovio.pc, /home/ws/devel_release/lib/pkgconfig/rovio.pc)
Linked: (/home/ws/devel_release/.private/rovio/include/rovio/SrvResetToPose.h, /home/ws/devel_release/include/rovio/SrvResetToPose.h)
Linked: (/home/ws/devel_release/.private/rovio/include/rovio/SrvResetToPoseResponse.h, /home/ws/devel_release/include/rovio/SrvResetToPoseResponse.h)
Linked: (/home/ws/devel_release/.private/rovio/include/rovio/SrvResetToPoseRequest.h, /home/ws/devel_release/include/rovio/SrvResetToPoseRequest.h)
